$ tsx ./buildTokens.ts && tsx ./buildTypography.ts

scss
✔︎ ./themes/default/tokens.scss

css
✔︎ ./themes/default/tokens.css

object
✔︎ ./themes/default/tokens.json
✔︎ ./themes/default/tokens.js
✔︎ ./themes/default/tokens.d.ts

scss
✔︎ ./themes/dark/tokens.scss

css
✔︎ ./themes/dark/tokens.css

object
✔︎ ./themes/dark/tokens.json
✔︎ ./themes/dark/tokens.js
✔︎ ./themes/dark/tokens.d.ts

scss
✔︎ ./themes/lvh/tokens.scss

css
✔︎ ./themes/lvh/tokens.css

object
✔︎ ./themes/lvh/tokens.json
✔︎ ./themes/lvh/tokens.js
✔︎ ./themes/lvh/tokens.d.ts
